This file contains any messages produced by compilers while
running configure, to aid debugging if configure makes a mistake.

It was created by program configure 1.0, which was
generated by GNU Autoconf 2.69.  Invocation command line was

  $ ./configure 

## --------- ##
## Platform. ##
## --------- ##

hostname = rmcdonald-3630
uname -m = x86_64
uname -r = 5.13.0-19-generic
uname -s = Linux
uname -v = #19-Ubuntu SMP Thu Oct 7 21:58:00 UTC 2021

/usr/bin/uname -p = x86_64
/bin/uname -X     = unknown

/bin/arch              = x86_64
/usr/bin/arch -k       = unknown
/usr/convex/getsysinfo = unknown
/usr/bin/hostinfo      = unknown
/bin/machine           = unknown
/usr/bin/oslevel       = unknown
/bin/universe          = unknown

PATH: /home/asharma/.local/bin
PATH: /home/asharma/bin
PATH: /usr/local/sbin
PATH: /usr/local/bin
PATH: /usr/sbin
PATH: /usr/bin
PATH: /sbin
PATH: /bin
PATH: /usr/games
PATH: /usr/local/games
PATH: /snap/bin
PATH: /home/asharma/dev/buildroot-at91/output/host/opt/ext-toolchain/bin
PATH: /home/asharma/bin


## ----------- ##
## Core tests. ##
## ----------- ##

configure:2089: checking for g++
configure:2105: found /usr/bin/g++
configure:2116: result: g++
configure:2143: checking for C++ compiler version
configure:2152: g++ --version >&5
g++ (Ubuntu 11.2.0-14ubuntu1) 11.2.0
Copyright (C) 2021 Free Software Foundation, Inc.
This is free software; see the source for copying conditions.  There is NO
warranty; not even for MERCHANTABILITY or FITNESS FOR A PARTICULAR PURPOSE.

configure:2163: $? = 0
configure:2152: g++ -v >&5
Using built-in specs.
COLLECT_GCC=g++
COLLECT_LTO_WRAPPER=/usr/lib/gcc/x86_64-linux-gnu/11/lto-wrapper
OFFLOAD_TARGET_NAMES=nvptx-none:amdgcn-amdhsa
OFFLOAD_TARGET_DEFAULT=1
Target: x86_64-linux-gnu
Configured with: ../src/configure -v --with-pkgversion='Ubuntu 11.2.0-14ubuntu1' --with-bugurl=file:///usr/share/doc/gcc-11/README.Bugs --enable-languages=c,ada,c++,go,brig,d,fortran,objc,obj-c++,m2 --prefix=/usr --with-gcc-major-version-only --program-suffix=-11 --program-prefix=x86_64-linux-gnu- --enable-shared --enable-linker-build-id --libexecdir=/usr/lib --without-included-gettext --enable-threads=posix --libdir=/usr/lib --enable-nls --enable-bootstrap --enable-clocale=gnu --enable-libstdcxx-debug --enable-libstdcxx-time=yes --with-default-libstdcxx-abi=new --enable-gnu-unique-object --disable-vtable-verify --enable-plugin --enable-default-pie --with-system-zlib --enable-libphobos-checking=release --with-target-system-zlib=auto --enable-objc-gc=auto --enable-multiarch --disable-werror --enable-cet --with-arch-32=i686 --with-abi=m64 --with-multilib-list=m32,m64,mx32 --enable-multilib --with-tune=generic --enable-offload-targets=nvptx-none=/build/gcc-11-iOLsLC/gcc-11-11.2.0/debian/tmp-nvptx/usr,amdgcn-amdhsa=/build/gcc-11-iOLsLC/gcc-11-11.2.0/debian/tmp-gcn/usr --without-cuda-driver --enable-checking=release --build=x86_64-linux-gnu --host=x86_64-linux-gnu --target=x86_64-linux-gnu --with-build-config=bootstrap-lto-lean --enable-link-serialization=2
Thread model: posix
Supported LTO compression algorithms: zlib zstd
gcc version 11.2.0 (Ubuntu 11.2.0-14ubuntu1) 
... rest of stderr output deleted ...
configure:2163: $? = 0
configure:2152: g++ -V >&5
g++: error: unrecognized command-line option '-V'
g++: fatal error: no input files
compilation terminated.
configure:2163: $? = 1
configure:2152: g++ -qversion >&5
g++: error: unrecognized command-line option '-qversion'; did you mean '--version'?
g++: fatal error: no input files
compilation terminated.
configure:2163: $? = 1
configure:2183: checking whether the C++ compiler works
configure:2205: g++    conftest.cpp  >&5
configure:2209: $? = 0
configure:2257: result: yes
configure:2260: checking for C++ compiler default output file name
configure:2262: result: a.out
configure:2268: checking for suffix of executables
configure:2275: g++ -o conftest    conftest.cpp  >&5
configure:2279: $? = 0
configure:2301: result: 
configure:2323: checking whether we are cross compiling
configure:2331: g++ -o conftest    conftest.cpp  >&5
configure:2335: $? = 0
configure:2342: ./conftest
configure:2346: $? = 0
configure:2361: result: no
configure:2366: checking for suffix of object files
configure:2388: g++ -c   conftest.cpp >&5
configure:2392: $? = 0
configure:2413: result: o
configure:2417: checking whether we are using the GNU C++ compiler
configure:2436: g++ -c   conftest.cpp >&5
configure:2436: $? = 0
configure:2445: result: yes
configure:2454: checking whether g++ accepts -g
configure:2474: g++ -c -g  conftest.cpp >&5
configure:2474: $? = 0
configure:2515: result: yes
configure:2545: checking how to run the C++ preprocessor
configure:2572: g++ -E  conftest.cpp
configure:2572: $? = 0
configure:2586: g++ -E  conftest.cpp
conftest.cpp:9:10: fatal error: ac_nonexistent.h: No such file or directory
    9 | #include <ac_nonexistent.h>
      |          ^~~~~~~~~~~~~~~~~~
compilation terminated.
configure:2586: $? = 1
configure: failed program was:
| /* confdefs.h */
| #define PACKAGE_NAME "program"
| #define PACKAGE_TARNAME "program"
| #define PACKAGE_VERSION "1.0"
| #define PACKAGE_STRING "program 1.0"
| #define PACKAGE_BUGREPORT ""
| #define PACKAGE_URL ""
| /* end confdefs.h.  */
| #include <ac_nonexistent.h>
configure:2611: result: g++ -E
configure:2631: g++ -E  conftest.cpp
configure:2631: $? = 0
configure:2645: g++ -E  conftest.cpp
conftest.cpp:9:10: fatal error: ac_nonexistent.h: No such file or directory
    9 | #include <ac_nonexistent.h>
      |          ^~~~~~~~~~~~~~~~~~
compilation terminated.
configure:2645: $? = 1
configure: failed program was:
| /* confdefs.h */
| #define PACKAGE_NAME "program"
| #define PACKAGE_TARNAME "program"
| #define PACKAGE_VERSION "1.0"
| #define PACKAGE_STRING "program 1.0"
| #define PACKAGE_BUGREPORT ""
| #define PACKAGE_URL ""
| /* end confdefs.h.  */
| #include <ac_nonexistent.h>
configure:2674: checking for grep that handles long lines and -e
configure:2732: result: /usr/bin/grep
configure:2737: checking for egrep
configure:2799: result: /usr/bin/grep -E
configure:2804: checking for ANSI C header files
configure:2824: g++ -c -g -O2  conftest.cpp >&5
configure:2824: $? = 0
configure:2897: g++ -o conftest -g -O2   conftest.cpp  >&5
configure:2897: $? = 0
configure:2897: ./conftest
configure:2897: $? = 0
configure:2908: result: yes
configure:2921: checking for sys/types.h
configure:2921: g++ -c -g -O2  conftest.cpp >&5
configure:2921: $? = 0
configure:2921: result: yes
configure:2921: checking for sys/stat.h
configure:2921: g++ -c -g -O2  conftest.cpp >&5
configure:2921: $? = 0
configure:2921: result: yes
configure:2921: checking for stdlib.h
configure:2921: g++ -c -g -O2  conftest.cpp >&5
configure:2921: $? = 0
configure:2921: result: yes
configure:2921: checking for string.h
configure:2921: g++ -c -g -O2  conftest.cpp >&5
configure:2921: $? = 0
configure:2921: result: yes
configure:2921: checking for memory.h
configure:2921: g++ -c -g -O2  conftest.cpp >&5
configure:2921: $? = 0
configure:2921: result: yes
configure:2921: checking for strings.h
configure:2921: g++ -c -g -O2  conftest.cpp >&5
configure:2921: $? = 0
configure:2921: result: yes
configure:2921: checking for inttypes.h
configure:2921: g++ -c -g -O2  conftest.cpp >&5
configure:2921: $? = 0
configure:2921: result: yes
configure:2921: checking for stdint.h
configure:2921: g++ -c -g -O2  conftest.cpp >&5
configure:2921: $? = 0
configure:2921: result: yes
configure:2921: checking for unistd.h
configure:2921: g++ -c -g -O2  conftest.cpp >&5
configure:2921: $? = 0
configure:2921: result: yes
configure:2935: checking zlib.h usability
configure:2935: g++ -c -g -O2  conftest.cpp >&5
configure:2935: $? = 0
configure:2935: result: yes
configure:2935: checking zlib.h presence
configure:2935: g++ -E  conftest.cpp
configure:2935: $? = 0
configure:2935: result: yes
configure:2935: checking for zlib.h
configure:2935: result: yes
configure:2947: checking for library containing deflate
configure:2978: g++ -o conftest -g -O2   conftest.cpp  >&5
/usr/bin/ld: /tmp/ccpMqvIl.o: in function `main':
/home/asharma/eclipse-workspace/Autotools/04_Makefile_in_lib/conftest.cpp:31: undefined reference to `deflate'
collect2: error: ld returned 1 exit status
configure:2978: $? = 1
configure: failed program was:
| /* confdefs.h */
| #define PACKAGE_NAME "program"
| #define PACKAGE_TARNAME "program"
| #define PACKAGE_VERSION "1.0"
| #define PACKAGE_STRING "program 1.0"
| #define PACKAGE_BUGREPORT ""
| #define PACKAGE_URL ""
| #define STDC_HEADERS 1
| #define HAVE_SYS_TYPES_H 1
| #define HAVE_SYS_STAT_H 1
| #define HAVE_STDLIB_H 1
| #define HAVE_STRING_H 1
| #define HAVE_MEMORY_H 1
| #define HAVE_STRINGS_H 1
| #define HAVE_INTTYPES_H 1
| #define HAVE_STDINT_H 1
| #define HAVE_UNISTD_H 1
| #define HAVE_ZLIB_H 1
| /* end confdefs.h.  */
| 
| /* Override any GCC internal prototype to avoid an error.
|    Use char because int might match the return type of a GCC
|    builtin and then its argument prototype would still apply.  */
| #ifdef __cplusplus
| extern "C"
| #endif
| char deflate ();
| int
| main ()
| {
| return deflate ();
|   ;
|   return 0;
| }
configure:2978: g++ -o conftest -g -O2   conftest.cpp -lz   >&5
configure:2978: $? = 0
configure:2995: result: -lz
configure:3150: creating ./config.status

## ---------------------- ##
## Running config.status. ##
## ---------------------- ##

This file was extended by program config.status 1.0, which was
generated by GNU Autoconf 2.69.  Invocation command line was

  CONFIG_FILES    = 
  CONFIG_HEADERS  = 
  CONFIG_LINKS    = 
  CONFIG_COMMANDS = 
  $ ./config.status 

on rmcdonald-3630

config.status:724: creating Makefile

## ---------------- ##
## Cache variables. ##
## ---------------- ##

ac_cv_cxx_compiler_gnu=yes
ac_cv_env_CCC_set=
ac_cv_env_CCC_value=
ac_cv_env_CPPFLAGS_set=
ac_cv_env_CPPFLAGS_value=
ac_cv_env_CXXCPP_set=
ac_cv_env_CXXCPP_value=
ac_cv_env_CXXFLAGS_set=
ac_cv_env_CXXFLAGS_value=
ac_cv_env_CXX_set=
ac_cv_env_CXX_value=
ac_cv_env_LDFLAGS_set=
ac_cv_env_LDFLAGS_value=
ac_cv_env_LIBS_set=
ac_cv_env_LIBS_value=
ac_cv_env_build_alias_set=
ac_cv_env_build_alias_value=
ac_cv_env_host_alias_set=
ac_cv_env_host_alias_value=
ac_cv_env_target_alias_set=
ac_cv_env_target_alias_value=
ac_cv_header_inttypes_h=yes
ac_cv_header_memory_h=yes
ac_cv_header_stdc=yes
ac_cv_header_stdint_h=yes
ac_cv_header_stdlib_h=yes
ac_cv_header_string_h=yes
ac_cv_header_strings_h=yes
ac_cv_header_sys_stat_h=yes
ac_cv_header_sys_types_h=yes
ac_cv_header_unistd_h=yes
ac_cv_header_zlib_h=yes
ac_cv_objext=o
ac_cv_path_EGREP='/usr/bin/grep -E'
ac_cv_path_GREP=/usr/bin/grep
ac_cv_prog_CXXCPP='g++ -E'
ac_cv_prog_ac_ct_CXX=g++
ac_cv_prog_cxx_g=yes
ac_cv_search_deflate=-lz

## ----------------- ##
## Output variables. ##
## ----------------- ##

CPPFLAGS=''
CXX='g++'
CXXCPP='g++ -E'
CXXFLAGS='-g -O2'
DEFS='-DPACKAGE_NAME=\"program\" -DPACKAGE_TARNAME=\"program\" -DPACKAGE_VERSION=\"1.0\" -DPACKAGE_STRING=\"program\ 1.0\" -DPACKAGE_BUGREPORT=\"\" -DPACKAGE_URL=\"\" -DSTDC_HEADERS=1 -DHAVE_SYS_TYPES_H=1 -DHAVE_SYS_STAT_H=1 -DHAVE_STDLIB_H=1 -DHAVE_STRING_H=1 -DHAVE_MEMORY_H=1 -DHAVE_STRINGS_H=1 -DHAVE_INTTYPES_H=1 -DHAVE_STDINT_H=1 -DHAVE_UNISTD_H=1 -DHAVE_ZLIB_H=1'
ECHO_C=''
ECHO_N='-n'
ECHO_T=''
EGREP='/usr/bin/grep -E'
EXEEXT=''
GREP='/usr/bin/grep'
LDFLAGS=''
LIBOBJS=''
LIBS='-lz '
LTLIBOBJS=''
OBJEXT='o'
PACKAGE_BUGREPORT=''
PACKAGE_NAME='program'
PACKAGE_STRING='program 1.0'
PACKAGE_TARNAME='program'
PACKAGE_URL=''
PACKAGE_VERSION='1.0'
PATH_SEPARATOR=':'
SHELL='/bin/bash'
ac_ct_CXX='g++'
bindir='${exec_prefix}/bin'
build_alias=''
datadir='${datarootdir}'
datarootdir='${prefix}/share'
docdir='${datarootdir}/doc/${PACKAGE_TARNAME}'
dvidir='${docdir}'
exec_prefix='${prefix}'
host_alias=''
htmldir='${docdir}'
includedir='${prefix}/include'
infodir='${datarootdir}/info'
libdir='${exec_prefix}/lib'
libexecdir='${exec_prefix}/libexec'
localedir='${datarootdir}/locale'
localstatedir='${prefix}/var'
mandir='${datarootdir}/man'
oldincludedir='/usr/include'
pdfdir='${docdir}'
prefix='/usr/local'
program_transform_name='s,x,x,'
psdir='${docdir}'
runstatedir='${localstatedir}/run'
sbindir='${exec_prefix}/sbin'
sharedstatedir='${prefix}/com'
sysconfdir='${prefix}/etc'
target_alias=''

## ----------- ##
## confdefs.h. ##
## ----------- ##

/* confdefs.h */
#define PACKAGE_NAME "program"
#define PACKAGE_TARNAME "program"
#define PACKAGE_VERSION "1.0"
#define PACKAGE_STRING "program 1.0"
#define PACKAGE_BUGREPORT ""
#define PACKAGE_URL ""
#define STDC_HEADERS 1
#define HAVE_SYS_TYPES_H 1
#define HAVE_SYS_STAT_H 1
#define HAVE_STDLIB_H 1
#define HAVE_STRING_H 1
#define HAVE_MEMORY_H 1
#define HAVE_STRINGS_H 1
#define HAVE_INTTYPES_H 1
#define HAVE_STDINT_H 1
#define HAVE_UNISTD_H 1
#define HAVE_ZLIB_H 1

configure: exit 0
