This file contains any messages produced by compilers while
running configure, to aid debugging if configure makes a mistake.

It was created by C++_Reference configure 1.0, which was
generated by GNU Autoconf 2.71.  Invocation command line was

  $ ./configure CPPFLAGS=-DDEBUG 'CXXFLAGS=-g3 -O0'

## --------- ##
## Platform. ##
## --------- ##

hostname = rmcdonald-3630
uname -m = x86_64
uname -r = 5.13.0-19-generic
uname -s = Linux
uname -v = #19-Ubuntu SMP Thu Oct 7 21:58:00 UTC 2021

/usr/bin/uname -p = x86_64
/bin/uname -X     = unknown

/bin/arch              = x86_64
/usr/bin/arch -k       = unknown
/usr/convex/getsysinfo = unknown
/usr/bin/hostinfo      = unknown
/bin/machine           = unknown
/usr/bin/oslevel       = unknown
/bin/universe          = unknown

PATH: /home/asharma/.local/bin/
PATH: /home/asharma/bin/
PATH: /usr/local/sbin/
PATH: /usr/local/bin/
PATH: /usr/sbin/
PATH: /usr/bin/
PATH: /sbin/
PATH: /bin/
PATH: /usr/games/
PATH: /usr/local/games/
PATH: /snap/bin/
PATH: /home/asharma/dev/buildroot-at91/output/host/opt/ext-toolchain/bin/
PATH: /home/asharma/bin/


## ----------- ##
## Core tests. ##
## ----------- ##

configure:2020: looking for aux files: missing install-sh config.guess config.sub
configure:2033:  trying ./
configure:2062:   ./missing found
configure:2044:   ./install-sh found
configure:2062:   ./config.guess found
configure:2062:   ./config.sub found
configure:2182: checking build system type
configure:2197: result: x86_64-pc-linux-gnu
configure:2217: checking host system type
configure:2231: result: x86_64-pc-linux-gnu
configure:2251: checking target system type
configure:2265: result: x86_64-pc-linux-gnu
configure:2308: checking for a BSD-compatible install
configure:2381: result: /usr/bin/install -c
configure:2392: checking whether build environment is sane
configure:2447: result: yes
configure:2606: checking for a race-free mkdir -p
configure:2650: result: /usr/bin/mkdir -p
configure:2657: checking for gawk
configure:2678: found /usr/bin/gawk
configure:2689: result: gawk
configure:2700: checking whether make sets $(MAKE)
configure:2723: result: yes
configure:2753: checking whether make supports nested variables
configure:2771: result: yes
configure:2977: checking for g++
configure:2998: found /usr/bin/g++
configure:3009: result: g++
configure:3036: checking for C++ compiler version
configure:3045: g++ --version >&5
g++ (Ubuntu 11.2.0-18ubuntu1) 11.2.0
Copyright (C) 2021 Free Software Foundation, Inc.
This is free software; see the source for copying conditions.  There is NO
warranty; not even for MERCHANTABILITY or FITNESS FOR A PARTICULAR PURPOSE.

configure:3056: $? = 0
configure:3045: g++ -v >&5
Using built-in specs.
COLLECT_GCC=g++
COLLECT_LTO_WRAPPER=/usr/lib/gcc/x86_64-linux-gnu/11/lto-wrapper
OFFLOAD_TARGET_NAMES=nvptx-none:amdgcn-amdhsa
OFFLOAD_TARGET_DEFAULT=1
Target: x86_64-linux-gnu
Configured with: ../src/configure -v --with-pkgversion='Ubuntu 11.2.0-18ubuntu1' --with-bugurl=file:///usr/share/doc/gcc-11/README.Bugs --enable-languages=c,ada,c++,go,brig,d,fortran,objc,obj-c++,m2 --prefix=/usr --with-gcc-major-version-only --program-suffix=-11 --program-prefix=x86_64-linux-gnu- --enable-shared --enable-linker-build-id --libexecdir=/usr/lib --without-included-gettext --enable-threads=posix --libdir=/usr/lib --enable-nls --enable-bootstrap --enable-clocale=gnu --enable-libstdcxx-debug --enable-libstdcxx-time=yes --with-default-libstdcxx-abi=new --enable-gnu-unique-object --disable-vtable-verify --enable-plugin --enable-default-pie --with-system-zlib --enable-libphobos-checking=release --with-target-system-zlib=auto --enable-objc-gc=auto --enable-multiarch --disable-werror --enable-cet --with-arch-32=i686 --with-abi=m64 --with-multilib-list=m32,m64,mx32 --enable-multilib --with-tune=generic --enable-offload-targets=nvptx-none=/build/gcc-11-XWYfV6/gcc-11-11.2.0/debian/tmp-nvptx/usr,amdgcn-amdhsa=/build/gcc-11-XWYfV6/gcc-11-11.2.0/debian/tmp-gcn/usr --without-cuda-driver --enable-checking=release --build=x86_64-linux-gnu --host=x86_64-linux-gnu --target=x86_64-linux-gnu --with-build-config=bootstrap-lto-lean --enable-link-serialization=2
Thread model: posix
Supported LTO compression algorithms: zlib zstd
gcc version 11.2.0 (Ubuntu 11.2.0-18ubuntu1) 
... rest of stderr output deleted ...
configure:3056: $? = 0
configure:3045: g++ -V >&5
g++: error: unrecognized command-line option '-V'
g++: fatal error: no input files
compilation terminated.
configure:3056: $? = 1
configure:3045: g++ -qversion >&5
g++: error: unrecognized command-line option '-qversion'; did you mean '--version'?
g++: fatal error: no input files
compilation terminated.
configure:3056: $? = 1
configure:3076: checking whether the C++ compiler works
configure:3098: g++ -g3 -O0 -DDEBUG  conftest.cpp  >&5
configure:3102: $? = 0
configure:3152: result: yes
configure:3155: checking for C++ compiler default output file name
configure:3157: result: a.out
configure:3163: checking for suffix of executables
configure:3170: g++ -o conftest -g3 -O0 -DDEBUG  conftest.cpp  >&5
configure:3174: $? = 0
configure:3197: result: 
configure:3219: checking whether we are cross compiling
configure:3227: g++ -o conftest -g3 -O0 -DDEBUG  conftest.cpp  >&5
configure:3231: $? = 0
configure:3238: ./conftest
configure:3242: $? = 0
configure:3257: result: no
configure:3262: checking for suffix of object files
configure:3285: g++ -c -g3 -O0 -DDEBUG conftest.cpp >&5
configure:3289: $? = 0
configure:3311: result: o
configure:3315: checking whether the compiler supports GNU C++
configure:3335: g++ -c -g3 -O0 -DDEBUG conftest.cpp >&5
configure:3335: $? = 0
configure:3345: result: yes
configure:3356: checking whether g++ accepts -g
configure:3377: g++ -c -g -DDEBUG conftest.cpp >&5
configure:3377: $? = 0
configure:3421: result: yes
configure:3441: checking for g++ option to enable C++11 features
configure:3456: g++  -c -g3 -O0 -DDEBUG conftest.cpp >&5
conftest.cpp: In function 'int main(int, char**)':
conftest.cpp:177:25: warning: empty parentheses were disambiguated as a function declaration [-Wvexing-parse]
  177 |   cxx11test::delegate d2();
      |                         ^~
conftest.cpp:177:25: note: remove parentheses to default-initialize a variable
  177 |   cxx11test::delegate d2();
      |                         ^~
      |                         --
conftest.cpp:177:25: note: or replace parentheses with braces to value-initialize a variable
configure:3456: $? = 0
configure:3474: result: none needed
configure:3541: checking whether make supports the include directive
configure:3556: make -f confmf.GNU && cat confinc.out
this is the am__doit target
configure:3559: $? = 0
configure:3578: result: yes (GNU style)
configure:3604: checking dependency style of g++
configure:3716: result: gcc3
configure:3871: checking that generated files are newer than configure
configure:3877: result: done
configure:3900: creating ./config.status

## ---------------------- ##
## Running config.status. ##
## ---------------------- ##

This file was extended by C++_Reference config.status 1.0, which was
generated by GNU Autoconf 2.71.  Invocation command line was

  CONFIG_FILES    = 
  CONFIG_HEADERS  = 
  CONFIG_LINKS    = 
  CONFIG_COMMANDS = 
  $ ./config.status 

on rmcdonald-3630

config.status:782: creating Makefile
config.status:782: creating src/Makefile
config.status:954: executing depfiles commands
config.status:1031: cd src       && sed -e '/# am--include-marker/d' Makefile         | make -f - am--depfiles
make: Nothing to be done for 'am--depfiles'.
config.status:1036: $? = 0

## ---------------- ##
## Cache variables. ##
## ---------------- ##

ac_cv_build=x86_64-pc-linux-gnu
ac_cv_cxx_compiler_gnu=yes
ac_cv_env_CCC_set=
ac_cv_env_CCC_value=
ac_cv_env_CPPFLAGS_set=set
ac_cv_env_CPPFLAGS_value=-DDEBUG
ac_cv_env_CXXFLAGS_set=set
ac_cv_env_CXXFLAGS_value='-g3 -O0'
ac_cv_env_CXX_set=
ac_cv_env_CXX_value=
ac_cv_env_LDFLAGS_set=
ac_cv_env_LDFLAGS_value=
ac_cv_env_LIBS_set=
ac_cv_env_LIBS_value=
ac_cv_env_build_alias_set=
ac_cv_env_build_alias_value=
ac_cv_env_host_alias_set=
ac_cv_env_host_alias_value=
ac_cv_env_target_alias_set=
ac_cv_env_target_alias_value=
ac_cv_host=x86_64-pc-linux-gnu
ac_cv_objext=o
ac_cv_path_install='/usr/bin/install -c'
ac_cv_path_mkdir=/usr/bin/mkdir
ac_cv_prog_AWK=gawk
ac_cv_prog_ac_ct_CXX=g++
ac_cv_prog_cxx_11=no
ac_cv_prog_cxx_cxx11=
ac_cv_prog_cxx_g=yes
ac_cv_prog_cxx_stdcxx=
ac_cv_prog_make_make_set=yes
ac_cv_target=x86_64-pc-linux-gnu
am_cv_CXX_dependencies_compiler_type=gcc3
am_cv_make_support_nested_variables=yes

## ----------------- ##
## Output variables. ##
## ----------------- ##

ACLOCAL='${SHELL} '\''/home/asharma/eclipse-workspace/C++_Reference/missing'\'' aclocal-1.16'
AMDEPBACKSLASH='\'
AMDEP_FALSE='#'
AMDEP_TRUE=''
AMTAR='$${TAR-tar}'
AM_BACKSLASH='\'
AM_DEFAULT_V='$(AM_DEFAULT_VERBOSITY)'
AM_DEFAULT_VERBOSITY='1'
AM_V='$(V)'
AUTOCONF='${SHELL} '\''/home/asharma/eclipse-workspace/C++_Reference/missing'\'' autoconf'
AUTOHEADER='${SHELL} '\''/home/asharma/eclipse-workspace/C++_Reference/missing'\'' autoheader'
AUTOMAKE='${SHELL} '\''/home/asharma/eclipse-workspace/C++_Reference/missing'\'' automake-1.16'
AWK='gawk'
CPPFLAGS='-DDEBUG'
CSCOPE='cscope'
CTAGS='ctags'
CXX='g++'
CXXDEPMODE='depmode=gcc3'
CXXFLAGS='-g3 -O0'
CYGPATH_W='echo'
DEFS='-DPACKAGE_NAME=\"C++_Reference\" -DPACKAGE_TARNAME=\"c--_reference\" -DPACKAGE_VERSION=\"1.0\" -DPACKAGE_STRING=\"C++_Reference\ 1.0\" -DPACKAGE_BUGREPORT=\"\" -DPACKAGE_URL=\"\" -DPACKAGE=\"c--_reference\" -DVERSION=\"1.0\"'
DEPDIR='.deps'
ECHO_C=''
ECHO_N='-n'
ECHO_T=''
ETAGS='etags'
EXEEXT=''
INSTALL_DATA='${INSTALL} -m 644'
INSTALL_PROGRAM='${INSTALL}'
INSTALL_SCRIPT='${INSTALL}'
INSTALL_STRIP_PROGRAM='$(install_sh) -c -s'
LDFLAGS=''
LIBOBJS=''
LIBS=''
LTLIBOBJS=''
MAKEINFO='${SHELL} '\''/home/asharma/eclipse-workspace/C++_Reference/missing'\'' makeinfo'
MKDIR_P='/usr/bin/mkdir -p'
OBJEXT='o'
PACKAGE='c--_reference'
PACKAGE_BUGREPORT=''
PACKAGE_NAME='C++_Reference'
PACKAGE_STRING='C++_Reference 1.0'
PACKAGE_TARNAME='c--_reference'
PACKAGE_URL=''
PACKAGE_VERSION='1.0'
PATH_SEPARATOR=':'
SET_MAKE=''
SHELL='/bin/bash'
STRIP=''
VERSION='1.0'
ac_ct_CXX='g++'
am__EXEEXT_FALSE=''
am__EXEEXT_TRUE='#'
am__fastdepCXX_FALSE='#'
am__fastdepCXX_TRUE=''
am__include='include'
am__isrc=''
am__leading_dot='.'
am__nodep='_no'
am__quote=''
am__tar='$${TAR-tar} chof - "$$tardir"'
am__untar='$${TAR-tar} xf -'
bindir='${exec_prefix}/bin'
build='x86_64-pc-linux-gnu'
build_alias=''
build_cpu='x86_64'
build_os='linux-gnu'
build_vendor='pc'
datadir='${datarootdir}'
datarootdir='${prefix}/share'
docdir='${datarootdir}/doc/${PACKAGE_TARNAME}'
dvidir='${docdir}'
exec_prefix='${prefix}'
host='x86_64-pc-linux-gnu'
host_alias=''
host_cpu='x86_64'
host_os='linux-gnu'
host_vendor='pc'
htmldir='${docdir}'
includedir='${prefix}/include'
infodir='${datarootdir}/info'
install_sh='${SHELL} /home/asharma/eclipse-workspace/C++_Reference/install-sh'
libdir='${exec_prefix}/lib'
libexecdir='${exec_prefix}/libexec'
localedir='${datarootdir}/locale'
localstatedir='${prefix}/var'
mandir='${datarootdir}/man'
mkdir_p='$(MKDIR_P)'
oldincludedir='/usr/include'
pdfdir='${docdir}'
prefix='/usr/local'
program_transform_name='s,x,x,'
psdir='${docdir}'
runstatedir='${localstatedir}/run'
sbindir='${exec_prefix}/sbin'
sharedstatedir='${prefix}/com'
sysconfdir='${prefix}/etc'
target='x86_64-pc-linux-gnu'
target_alias=''
target_cpu='x86_64'
target_os='linux-gnu'
target_vendor='pc'

## ----------- ##
## confdefs.h. ##
## ----------- ##

/* confdefs.h */
#define PACKAGE_NAME "C++_Reference"
#define PACKAGE_TARNAME "c--_reference"
#define PACKAGE_VERSION "1.0"
#define PACKAGE_STRING "C++_Reference 1.0"
#define PACKAGE_BUGREPORT ""
#define PACKAGE_URL ""
#define PACKAGE "c--_reference"
#define VERSION "1.0"

configure: exit 0

## ---------------------- ##
## Running config.status. ##
## ---------------------- ##

This file was extended by C++_Reference config.status 1.0, which was
generated by GNU Autoconf 2.71.  Invocation command line was

  CONFIG_FILES    = 
  CONFIG_HEADERS  = 
  CONFIG_LINKS    = 
  CONFIG_COMMANDS = 
  $ ./config.status src/Makefile depfiles

on rmcdonald-3630

config.status:782: creating src/Makefile
config.status:954: executing depfiles commands
config.status:1031: cd src       && sed -e '/# am--include-marker/d' Makefile         | make -f - am--depfiles
make[2]: Entering directory '/home/asharma/eclipse-workspace/C++_Reference/src'
make[2]: Leaving directory '/home/asharma/eclipse-workspace/C++_Reference/src'
config.status:1036: $? = 0

## ---------------------- ##
## Running config.status. ##
## ---------------------- ##

This file was extended by C++_Reference config.status 1.0, which was
generated by GNU Autoconf 2.71.  Invocation command line was

  CONFIG_FILES    = 
  CONFIG_HEADERS  = 
  CONFIG_LINKS    = 
  CONFIG_COMMANDS = 
  $ ./config.status src/Makefile depfiles

on rmcdonald-3630

config.status:782: creating src/Makefile
config.status:954: executing depfiles commands
config.status:1031: cd src       && sed -e '/# am--include-marker/d' Makefile         | make -f - am--depfiles
make[2]: Entering directory '/home/asharma/eclipse-workspace/C++_Reference/src'
make[2]: Nothing to be done for 'am--depfiles'.
make[2]: Leaving directory '/home/asharma/eclipse-workspace/C++_Reference/src'
config.status:1036: $? = 0

## ---------------------- ##
## Running config.status. ##
## ---------------------- ##

This file was extended by C++_Reference config.status 1.0, which was
generated by GNU Autoconf 2.71.  Invocation command line was

  CONFIG_FILES    = 
  CONFIG_HEADERS  = 
  CONFIG_LINKS    = 
  CONFIG_COMMANDS = 
  $ ./config.status src/Makefile depfiles

on rmcdonald-3630

config.status:782: creating src/Makefile
config.status:954: executing depfiles commands
config.status:1031: cd src       && sed -e '/# am--include-marker/d' Makefile         | make -f - am--depfiles
make[2]: Entering directory '/home/asharma/eclipse-workspace/C++_Reference/src'
make[2]: Leaving directory '/home/asharma/eclipse-workspace/C++_Reference/src'
config.status:1036: $? = 0

## ---------------------- ##
## Running config.status. ##
## ---------------------- ##

This file was extended by C++_Reference config.status 1.0, which was
generated by GNU Autoconf 2.71.  Invocation command line was

  CONFIG_FILES    = 
  CONFIG_HEADERS  = 
  CONFIG_LINKS    = 
  CONFIG_COMMANDS = 
  $ ./config.status src/Makefile depfiles

on rmcdonald-3630

config.status:782: creating src/Makefile
config.status:954: executing depfiles commands
config.status:1031: cd src       && sed -e '/# am--include-marker/d' Makefile         | make -f - am--depfiles
make[2]: Entering directory '/home/asharma/eclipse-workspace/C++_Reference/src'
make[2]: Leaving directory '/home/asharma/eclipse-workspace/C++_Reference/src'
config.status:1036: $? = 0

## ---------------------- ##
## Running config.status. ##
## ---------------------- ##

This file was extended by C++_Reference config.status 1.0, which was
generated by GNU Autoconf 2.71.  Invocation command line was

  CONFIG_FILES    = 
  CONFIG_HEADERS  = 
  CONFIG_LINKS    = 
  CONFIG_COMMANDS = 
  $ ./config.status src/Makefile depfiles

on rmcdonald-3630

config.status:782: creating src/Makefile
config.status:954: executing depfiles commands
config.status:1031: cd src       && sed -e '/# am--include-marker/d' Makefile         | make -f - am--depfiles
make[2]: Entering directory '/home/asharma/eclipse-workspace/C++_Reference/src'
make[2]: Leaving directory '/home/asharma/eclipse-workspace/C++_Reference/src'
config.status:1036: $? = 0

## ---------------------- ##
## Running config.status. ##
## ---------------------- ##

This file was extended by C++_Reference config.status 1.0, which was
generated by GNU Autoconf 2.71.  Invocation command line was

  CONFIG_FILES    = 
  CONFIG_HEADERS  = 
  CONFIG_LINKS    = 
  CONFIG_COMMANDS = 
  $ ./config.status src/Makefile depfiles

on rmcdonald-3630

config.status:782: creating src/Makefile
config.status:954: executing depfiles commands
config.status:1031: cd src       && sed -e '/# am--include-marker/d' Makefile         | make -f - am--depfiles
make[2]: Entering directory '/home/asharma/eclipse-workspace/C++_Reference/src'
make[2]: Leaving directory '/home/asharma/eclipse-workspace/C++_Reference/src'
config.status:1036: $? = 0

## ---------------------- ##
## Running config.status. ##
## ---------------------- ##

This file was extended by C++_Reference config.status 1.0, which was
generated by GNU Autoconf 2.71.  Invocation command line was

  CONFIG_FILES    = 
  CONFIG_HEADERS  = 
  CONFIG_LINKS    = 
  CONFIG_COMMANDS = 
  $ ./config.status src/Makefile depfiles

on rmcdonald-3630

config.status:782: creating src/Makefile
config.status:954: executing depfiles commands
config.status:1031: cd src       && sed -e '/# am--include-marker/d' Makefile         | make -f - am--depfiles
make[2]: Entering directory '/home/asharma/eclipse-workspace/C++_Reference/src'
make[2]: Leaving directory '/home/asharma/eclipse-workspace/C++_Reference/src'
config.status:1036: $? = 0

## ---------------------- ##
## Running config.status. ##
## ---------------------- ##

This file was extended by C++_Reference config.status 1.0, which was
generated by GNU Autoconf 2.71.  Invocation command line was

  CONFIG_FILES    = 
  CONFIG_HEADERS  = 
  CONFIG_LINKS    = 
  CONFIG_COMMANDS = 
  $ ./config.status src/Makefile depfiles

on rmcdonald-3630

config.status:782: creating src/Makefile
config.status:954: executing depfiles commands
config.status:1031: cd src       && sed -e '/# am--include-marker/d' Makefile         | make -f - am--depfiles
make[2]: Entering directory '/home/asharma/eclipse-workspace/C++_Reference/src'
make[2]: Leaving directory '/home/asharma/eclipse-workspace/C++_Reference/src'
config.status:1036: $? = 0

## ---------------------- ##
## Running config.status. ##
## ---------------------- ##

This file was extended by C++_Reference config.status 1.0, which was
generated by GNU Autoconf 2.71.  Invocation command line was

  CONFIG_FILES    = 
  CONFIG_HEADERS  = 
  CONFIG_LINKS    = 
  CONFIG_COMMANDS = 
  $ ./config.status src/Makefile depfiles

on rmcdonald-3630

config.status:782: creating src/Makefile
config.status:954: executing depfiles commands
config.status:1031: cd src       && sed -e '/# am--include-marker/d' Makefile         | make -f - am--depfiles
make[2]: Entering directory '/home/asharma/eclipse-workspace/C++_Reference/src'
make[2]: Leaving directory '/home/asharma/eclipse-workspace/C++_Reference/src'
config.status:1036: $? = 0

## ---------------------- ##
## Running config.status. ##
## ---------------------- ##

This file was extended by C++_Reference config.status 1.0, which was
generated by GNU Autoconf 2.71.  Invocation command line was

  CONFIG_FILES    = 
  CONFIG_HEADERS  = 
  CONFIG_LINKS    = 
  CONFIG_COMMANDS = 
  $ ./config.status src/Makefile depfiles

on rmcdonald-3630

config.status:782: creating src/Makefile
config.status:954: executing depfiles commands
config.status:1031: cd src       && sed -e '/# am--include-marker/d' Makefile         | make -f - am--depfiles
make[2]: Entering directory '/home/asharma/eclipse-workspace/C++_Reference/src'
make[2]: Leaving directory '/home/asharma/eclipse-workspace/C++_Reference/src'
config.status:1036: $? = 0

## ---------------------- ##
## Running config.status. ##
## ---------------------- ##

This file was extended by C++_Reference config.status 1.0, which was
generated by GNU Autoconf 2.71.  Invocation command line was

  CONFIG_FILES    = 
  CONFIG_HEADERS  = 
  CONFIG_LINKS    = 
  CONFIG_COMMANDS = 
  $ ./config.status src/Makefile depfiles

on rmcdonald-3630

config.status:782: creating src/Makefile
config.status:954: executing depfiles commands
config.status:1031: cd src       && sed -e '/# am--include-marker/d' Makefile         | make -f - am--depfiles
make[2]: Entering directory '/home/asharma/eclipse-workspace/C++_Reference/src'
make[2]: Leaving directory '/home/asharma/eclipse-workspace/C++_Reference/src'
config.status:1036: $? = 0

## ---------------------- ##
## Running config.status. ##
## ---------------------- ##

This file was extended by C++_Reference config.status 1.0, which was
generated by GNU Autoconf 2.71.  Invocation command line was

  CONFIG_FILES    = 
  CONFIG_HEADERS  = 
  CONFIG_LINKS    = 
  CONFIG_COMMANDS = 
  $ ./config.status src/Makefile depfiles

on rmcdonald-3630

config.status:782: creating src/Makefile
config.status:954: executing depfiles commands
config.status:1031: cd src       && sed -e '/# am--include-marker/d' Makefile         | make -f - am--depfiles
make[2]: Entering directory '/home/asharma/eclipse-workspace/C++_Reference/src'
make[2]: Leaving directory '/home/asharma/eclipse-workspace/C++_Reference/src'
config.status:1036: $? = 0
