This file contains any messages produced by compilers while
running configure, to aid debugging if configure makes a mistake.

It was created by 101_cfg_read_getline configure 1.0, which was
generated by GNU Autoconf 2.71.  Invocation command line was

  $ ./configure

## --------- ##
## Platform. ##
## --------- ##

hostname = rmcdonald-3630
uname -m = x86_64
uname -r = 5.13.0-19-generic
uname -s = Linux
uname -v = #19-Ubuntu SMP Thu Oct 7 21:58:00 UTC 2021

/usr/bin/uname -p = x86_64
/bin/uname -X     = unknown

/bin/arch              = x86_64
/usr/bin/arch -k       = unknown
/usr/convex/getsysinfo = unknown
/usr/bin/hostinfo      = unknown
/bin/machine           = unknown
/usr/bin/oslevel       = unknown
/bin/universe          = unknown

PATH: /home/asharma/miniconda3/bin/
PATH: /home/asharma/miniconda3/condabin/
PATH: /home/asharma/.local/bin/
PATH: /home/asharma/bin/
PATH: /usr/local/sbin/
PATH: /usr/local/bin/
PATH: /usr/sbin/
PATH: /usr/bin/
PATH: /sbin/
PATH: /bin/
PATH: /usr/games/
PATH: /usr/local/games/
PATH: /snap/bin/
PATH: /home/asharma/dev/buildroot-at91/output/host/opt/ext-toolchain/bin/
PATH: /home/asharma/bin/


## ----------- ##
## Core tests. ##
## ----------- ##

configure:2378: looking for aux files: compile missing install-sh config.guess config.sub
configure:2391:  trying ./
configure:2420:   ./compile found
configure:2420:   ./missing found
configure:2402:   ./install-sh found
configure:2420:   ./config.guess found
configure:2420:   ./config.sub found
configure:2540: checking build system type
configure:2555: result: x86_64-pc-linux-gnu
configure:2575: checking host system type
configure:2589: result: x86_64-pc-linux-gnu
configure:2609: checking target system type
configure:2623: result: x86_64-pc-linux-gnu
configure:2667: checking for a BSD-compatible install
configure:2740: result: /usr/bin/install -c
configure:2751: checking whether build environment is sane
configure:2806: result: yes
configure:2965: checking for a race-free mkdir -p
configure:3009: result: /usr/bin/mkdir -p
configure:3016: checking for gawk
configure:3037: found /usr/bin/gawk
configure:3048: result: gawk
configure:3059: checking whether make sets $(MAKE)
configure:3082: result: yes
configure:3112: checking whether make supports nested variables
configure:3130: result: yes
configure:3329: checking for gcc
configure:3350: found /usr/bin/gcc
configure:3361: result: gcc
configure:3714: checking for C compiler version
configure:3723: gcc --version >&5
gcc (Ubuntu 11.2.0-19ubuntu1) 11.2.0
Copyright (C) 2021 Free Software Foundation, Inc.
This is free software; see the source for copying conditions.  There is NO
warranty; not even for MERCHANTABILITY or FITNESS FOR A PARTICULAR PURPOSE.

configure:3734: $? = 0
configure:3723: gcc -v >&5
Using built-in specs.
COLLECT_GCC=gcc
COLLECT_LTO_WRAPPER=/usr/lib/gcc/x86_64-linux-gnu/11/lto-wrapper
OFFLOAD_TARGET_NAMES=nvptx-none:amdgcn-amdhsa
OFFLOAD_TARGET_DEFAULT=1
Target: x86_64-linux-gnu
Configured with: ../src/configure -v --with-pkgversion='Ubuntu 11.2.0-19ubuntu1' --with-bugurl=file:///usr/share/doc/gcc-11/README.Bugs --enable-languages=c,ada,c++,go,brig,d,fortran,objc,obj-c++,m2 --prefix=/usr --with-gcc-major-version-only --program-suffix=-11 --program-prefix=x86_64-linux-gnu- --enable-shared --enable-linker-build-id --libexecdir=/usr/lib --without-included-gettext --enable-threads=posix --libdir=/usr/lib --enable-nls --enable-bootstrap --enable-clocale=gnu --enable-libstdcxx-debug --enable-libstdcxx-time=yes --with-default-libstdcxx-abi=new --enable-gnu-unique-object --disable-vtable-verify --enable-plugin --enable-default-pie --with-system-zlib --enable-libphobos-checking=release --with-target-system-zlib=auto --enable-objc-gc=auto --enable-multiarch --disable-werror --enable-cet --with-arch-32=i686 --with-abi=m64 --with-multilib-list=m32,m64,mx32 --enable-multilib --with-tune=generic --enable-offload-targets=nvptx-none=/build/gcc-11-gBFGDP/gcc-11-11.2.0/debian/tmp-nvptx/usr,amdgcn-amdhsa=/build/gcc-11-gBFGDP/gcc-11-11.2.0/debian/tmp-gcn/usr --without-cuda-driver --enable-checking=release --build=x86_64-linux-gnu --host=x86_64-linux-gnu --target=x86_64-linux-gnu --with-build-config=bootstrap-lto-lean --enable-link-serialization=2
Thread model: posix
Supported LTO compression algorithms: zlib zstd
gcc version 11.2.0 (Ubuntu 11.2.0-19ubuntu1) 
... rest of stderr output deleted ...
configure:3734: $? = 0
configure:3723: gcc -V >&5
gcc: error: unrecognized command-line option '-V'
gcc: fatal error: no input files
compilation terminated.
configure:3734: $? = 1
configure:3723: gcc -qversion >&5
gcc: error: unrecognized command-line option '-qversion'; did you mean '--version'?
gcc: fatal error: no input files
compilation terminated.
configure:3734: $? = 1
configure:3723: gcc -version >&5
gcc: error: unrecognized command-line option '-version'
gcc: fatal error: no input files
compilation terminated.
configure:3734: $? = 1
configure:3754: checking whether the C compiler works
configure:3776: gcc    conftest.c  >&5
configure:3780: $? = 0
configure:3830: result: yes
configure:3833: checking for C compiler default output file name
configure:3835: result: a.out
configure:3841: checking for suffix of executables
configure:3848: gcc -o conftest    conftest.c  >&5
configure:3852: $? = 0
configure:3875: result: 
configure:3897: checking whether we are cross compiling
configure:3905: gcc -o conftest    conftest.c  >&5
configure:3909: $? = 0
configure:3916: ./conftest
configure:3920: $? = 0
configure:3935: result: no
configure:3940: checking for suffix of object files
configure:3963: gcc -c   conftest.c >&5
configure:3967: $? = 0
configure:3989: result: o
configure:3993: checking whether the compiler supports GNU C
configure:4013: gcc -c   conftest.c >&5
configure:4013: $? = 0
configure:4023: result: yes
configure:4034: checking whether gcc accepts -g
configure:4055: gcc -c -g  conftest.c >&5
configure:4055: $? = 0
configure:4099: result: yes
configure:4119: checking for gcc option to enable C11 features
configure:4134: gcc  -c -g -O2  conftest.c >&5
configure:4134: $? = 0
configure:4152: result: none needed
configure:4268: checking whether gcc understands -c and -o together
configure:4291: gcc -c conftest.c -o conftest2.o
configure:4294: $? = 0
configure:4291: gcc -c conftest.c -o conftest2.o
configure:4294: $? = 0
configure:4306: result: yes
configure:4326: checking whether make supports the include directive
configure:4341: make -f confmf.GNU && cat confinc.out
this is the am__doit target
configure:4344: $? = 0
configure:4363: result: yes (GNU style)
configure:4389: checking dependency style of gcc
configure:4501: result: gcc3
configure:4585: checking for g++
configure:4606: found /usr/bin/g++
configure:4617: result: g++
configure:4644: checking for C++ compiler version
configure:4653: g++ --version >&5
g++ (Ubuntu 11.2.0-19ubuntu1) 11.2.0
Copyright (C) 2021 Free Software Foundation, Inc.
This is free software; see the source for copying conditions.  There is NO
warranty; not even for MERCHANTABILITY or FITNESS FOR A PARTICULAR PURPOSE.

configure:4664: $? = 0
configure:4653: g++ -v >&5
Using built-in specs.
COLLECT_GCC=g++
COLLECT_LTO_WRAPPER=/usr/lib/gcc/x86_64-linux-gnu/11/lto-wrapper
OFFLOAD_TARGET_NAMES=nvptx-none:amdgcn-amdhsa
OFFLOAD_TARGET_DEFAULT=1
Target: x86_64-linux-gnu
Configured with: ../src/configure -v --with-pkgversion='Ubuntu 11.2.0-19ubuntu1' --with-bugurl=file:///usr/share/doc/gcc-11/README.Bugs --enable-languages=c,ada,c++,go,brig,d,fortran,objc,obj-c++,m2 --prefix=/usr --with-gcc-major-version-only --program-suffix=-11 --program-prefix=x86_64-linux-gnu- --enable-shared --enable-linker-build-id --libexecdir=/usr/lib --without-included-gettext --enable-threads=posix --libdir=/usr/lib --enable-nls --enable-bootstrap --enable-clocale=gnu --enable-libstdcxx-debug --enable-libstdcxx-time=yes --with-default-libstdcxx-abi=new --enable-gnu-unique-object --disable-vtable-verify --enable-plugin --enable-default-pie --with-system-zlib --enable-libphobos-checking=release --with-target-system-zlib=auto --enable-objc-gc=auto --enable-multiarch --disable-werror --enable-cet --with-arch-32=i686 --with-abi=m64 --with-multilib-list=m32,m64,mx32 --enable-multilib --with-tune=generic --enable-offload-targets=nvptx-none=/build/gcc-11-gBFGDP/gcc-11-11.2.0/debian/tmp-nvptx/usr,amdgcn-amdhsa=/build/gcc-11-gBFGDP/gcc-11-11.2.0/debian/tmp-gcn/usr --without-cuda-driver --enable-checking=release --build=x86_64-linux-gnu --host=x86_64-linux-gnu --target=x86_64-linux-gnu --with-build-config=bootstrap-lto-lean --enable-link-serialization=2
Thread model: posix
Supported LTO compression algorithms: zlib zstd
gcc version 11.2.0 (Ubuntu 11.2.0-19ubuntu1) 
... rest of stderr output deleted ...
configure:4664: $? = 0
configure:4653: g++ -V >&5
g++: error: unrecognized command-line option '-V'
g++: fatal error: no input files
compilation terminated.
configure:4664: $? = 1
configure:4653: g++ -qversion >&5
g++: error: unrecognized command-line option '-qversion'; did you mean '--version'?
g++: fatal error: no input files
compilation terminated.
configure:4664: $? = 1
configure:4668: checking whether the compiler supports GNU C++
configure:4688: g++ -c   conftest.cpp >&5
configure:4688: $? = 0
configure:4698: result: yes
configure:4709: checking whether g++ accepts -g
configure:4730: g++ -c -g  conftest.cpp >&5
configure:4730: $? = 0
configure:4774: result: yes
configure:4794: checking for g++ option to enable C++11 features
configure:4809: g++  -c -g -O2  conftest.cpp >&5
conftest.cpp: In function 'int main(int, char**)':
conftest.cpp:177:25: warning: empty parentheses were disambiguated as a function declaration [-Wvexing-parse]
  177 |   cxx11test::delegate d2();
      |                         ^~
conftest.cpp:177:25: note: remove parentheses to default-initialize a variable
  177 |   cxx11test::delegate d2();
      |                         ^~
      |                         --
conftest.cpp:177:25: note: or replace parentheses with braces to value-initialize a variable
configure:4809: $? = 0
configure:4827: result: none needed
configure:4893: checking dependency style of g++
configure:5005: result: gcc3
configure:5160: checking that generated files are newer than configure
configure:5166: result: done
configure:5193: creating ./config.status

## ---------------------- ##
## Running config.status. ##
## ---------------------- ##

This file was extended by 101_cfg_read_getline config.status 1.0, which was
generated by GNU Autoconf 2.71.  Invocation command line was

  CONFIG_FILES    = 
  CONFIG_HEADERS  = 
  CONFIG_LINKS    = 
  CONFIG_COMMANDS = 
  $ ./config.status 

on rmcdonald-3630

config.status:788: creating Makefile
config.status:788: creating src/Makefile
config.status:960: executing depfiles commands
config.status:1037: cd src       && sed -e '/# am--include-marker/d' Makefile         | make -f - am--depfiles
config.status:1042: $? = 0

## ---------------- ##
## Cache variables. ##
## ---------------- ##

ac_cv_build=x86_64-pc-linux-gnu
ac_cv_c_compiler_gnu=yes
ac_cv_cxx_compiler_gnu=yes
ac_cv_env_CCC_set=
ac_cv_env_CCC_value=
ac_cv_env_CC_set=
ac_cv_env_CC_value=
ac_cv_env_CFLAGS_set=
ac_cv_env_CFLAGS_value=
ac_cv_env_CPPFLAGS_set=
ac_cv_env_CPPFLAGS_value=
ac_cv_env_CXXFLAGS_set=
ac_cv_env_CXXFLAGS_value=
ac_cv_env_CXX_set=
ac_cv_env_CXX_value=
ac_cv_env_LDFLAGS_set=
ac_cv_env_LDFLAGS_value=
ac_cv_env_LIBS_set=
ac_cv_env_LIBS_value=
ac_cv_env_build_alias_set=
ac_cv_env_build_alias_value=
ac_cv_env_host_alias_set=
ac_cv_env_host_alias_value=
ac_cv_env_target_alias_set=
ac_cv_env_target_alias_value=
ac_cv_host=x86_64-pc-linux-gnu
ac_cv_objext=o
ac_cv_path_install='/usr/bin/install -c'
ac_cv_path_mkdir=/usr/bin/mkdir
ac_cv_prog_AWK=gawk
ac_cv_prog_ac_ct_CC=gcc
ac_cv_prog_ac_ct_CXX=g++
ac_cv_prog_cc_c11=
ac_cv_prog_cc_g=yes
ac_cv_prog_cc_stdc=
ac_cv_prog_cxx_11=no
ac_cv_prog_cxx_cxx11=
ac_cv_prog_cxx_g=yes
ac_cv_prog_cxx_stdcxx=
ac_cv_prog_make_make_set=yes
ac_cv_target=x86_64-pc-linux-gnu
am_cv_CC_dependencies_compiler_type=gcc3
am_cv_CXX_dependencies_compiler_type=gcc3
am_cv_make_support_nested_variables=yes
am_cv_prog_cc_c_o=yes

## ----------------- ##
## Output variables. ##
## ----------------- ##

ACLOCAL='${SHELL} '\''/home/asharma/eclipse-workspace/102_cfg_read_c++/missing'\'' aclocal-1.16'
AMDEPBACKSLASH='\'
AMDEP_FALSE='#'
AMDEP_TRUE=''
AMTAR='$${TAR-tar}'
AM_BACKSLASH='\'
AM_DEFAULT_V='$(AM_DEFAULT_VERBOSITY)'
AM_DEFAULT_VERBOSITY='1'
AM_V='$(V)'
AUTOCONF='${SHELL} '\''/home/asharma/eclipse-workspace/102_cfg_read_c++/missing'\'' autoconf'
AUTOHEADER='${SHELL} '\''/home/asharma/eclipse-workspace/102_cfg_read_c++/missing'\'' autoheader'
AUTOMAKE='${SHELL} '\''/home/asharma/eclipse-workspace/102_cfg_read_c++/missing'\'' automake-1.16'
AWK='gawk'
CC='gcc'
CCDEPMODE='depmode=gcc3'
CFLAGS='-g -O2'
CPPFLAGS=''
CSCOPE='cscope'
CTAGS='ctags'
CXX='g++'
CXXDEPMODE='depmode=gcc3'
CXXFLAGS='-g -O2'
CYGPATH_W='echo'
DEFS='-DPACKAGE_NAME=\"101_cfg_read_getline\" -DPACKAGE_TARNAME=\"101_cfg_read_getline\" -DPACKAGE_VERSION=\"1.0\" -DPACKAGE_STRING=\"101_cfg_read_getline\ 1.0\" -DPACKAGE_BUGREPORT=\"\" -DPACKAGE_URL=\"\" -DPACKAGE=\"101_cfg_read_getline\" -DVERSION=\"1.0\"'
DEPDIR='.deps'
ECHO_C=''
ECHO_N='-n'
ECHO_T=''
ETAGS='etags'
EXEEXT=''
INSTALL_DATA='${INSTALL} -m 644'
INSTALL_PROGRAM='${INSTALL}'
INSTALL_SCRIPT='${INSTALL}'
INSTALL_STRIP_PROGRAM='$(install_sh) -c -s'
LDFLAGS=''
LIBOBJS=''
LIBS=''
LTLIBOBJS=''
MAKEINFO='${SHELL} '\''/home/asharma/eclipse-workspace/102_cfg_read_c++/missing'\'' makeinfo'
MKDIR_P='/usr/bin/mkdir -p'
OBJEXT='o'
PACKAGE='101_cfg_read_getline'
PACKAGE_BUGREPORT=''
PACKAGE_NAME='101_cfg_read_getline'
PACKAGE_STRING='101_cfg_read_getline 1.0'
PACKAGE_TARNAME='101_cfg_read_getline'
PACKAGE_URL=''
PACKAGE_VERSION='1.0'
PATH_SEPARATOR=':'
SET_MAKE=''
SHELL='/bin/bash'
STRIP=''
VERSION='1.0'
ac_ct_CC='gcc'
ac_ct_CXX='g++'
am__EXEEXT_FALSE=''
am__EXEEXT_TRUE='#'
am__fastdepCC_FALSE='#'
am__fastdepCC_TRUE=''
am__fastdepCXX_FALSE='#'
am__fastdepCXX_TRUE=''
am__include='include'
am__isrc=''
am__leading_dot='.'
am__nodep='_no'
am__quote=''
am__tar='$${TAR-tar} chof - "$$tardir"'
am__untar='$${TAR-tar} xf -'
bindir='${exec_prefix}/bin'
build='x86_64-pc-linux-gnu'
build_alias=''
build_cpu='x86_64'
build_os='linux-gnu'
build_vendor='pc'
datadir='${datarootdir}'
datarootdir='${prefix}/share'
docdir='${datarootdir}/doc/${PACKAGE_TARNAME}'
dvidir='${docdir}'
exec_prefix='${prefix}'
host='x86_64-pc-linux-gnu'
host_alias=''
host_cpu='x86_64'
host_os='linux-gnu'
host_vendor='pc'
htmldir='${docdir}'
includedir='${prefix}/include'
infodir='${datarootdir}/info'
install_sh='${SHELL} /home/asharma/eclipse-workspace/102_cfg_read_c++/install-sh'
libdir='${exec_prefix}/lib'
libexecdir='${exec_prefix}/libexec'
localedir='${datarootdir}/locale'
localstatedir='${prefix}/var'
mandir='${datarootdir}/man'
mkdir_p='$(MKDIR_P)'
oldincludedir='/usr/include'
pdfdir='${docdir}'
prefix='/usr/local'
program_transform_name='s,x,x,'
psdir='${docdir}'
runstatedir='${localstatedir}/run'
sbindir='${exec_prefix}/sbin'
sharedstatedir='${prefix}/com'
sysconfdir='${prefix}/etc'
target='x86_64-pc-linux-gnu'
target_alias=''
target_cpu='x86_64'
target_os='linux-gnu'
target_vendor='pc'

## ----------- ##
## confdefs.h. ##
## ----------- ##

/* confdefs.h */
#define PACKAGE_NAME "101_cfg_read_getline"
#define PACKAGE_TARNAME "101_cfg_read_getline"
#define PACKAGE_VERSION "1.0"
#define PACKAGE_STRING "101_cfg_read_getline 1.0"
#define PACKAGE_BUGREPORT ""
#define PACKAGE_URL ""
#define PACKAGE "101_cfg_read_getline"
#define VERSION "1.0"

configure: exit 0
